<!DOCTYPE html PUBLIC "-//W3C//DTD XHTML 1.1//EN" "https://www.w3.org/TR/xhtml11/DTD/xhtml11.dtd">
<html xmlns="https://www.w3.org/1999/xhtml">
<head>
<meta http-equiv="content-type" content="text/html; charset=UTF-8"/>
<title>TestNG Report</title>
<style type="text/css">table {margin-bottom:10px;border-collapse:collapse;empty-cells:show}th,td {border:1px solid #009;padding:.25em .5em}th {vertical-align:bottom}td {vertical-align:top}table a {font-weight:bold}.stripe td {background-color: #E6EBF9}.num {text-align:right}.passedodd td {background-color: #3F3}.passedeven td {background-color: #0A0}.skippedodd td {background-color: #DDD}.skippedeven td {background-color: #CCC}.failedodd td,.attn {background-color: #F33}.failedeven td,.stripe .attn {background-color: #D00}.stacktrace {white-space:pre;font-family:monospace}.totop {font-size:85%;text-align:center;border-bottom:2px solid #000}.invisible {display:none}</style>
</head>
<body>
<table>
<tr><th>Test</th><th># Passed</th><th># Skipped</th><th># Retried</th><th># Failed</th><th>Time (ms)</th><th>Included Groups</th><th>Excluded Groups</th></tr>
<tr><th colspan="8">Command line suite</th></tr>
<tr><td><a href="#t0">Command line test</a></td><td class="num">15</td><td class="num attn">6</td><td class="num">0</td><td class="num attn">3</td><td class="num">88,365</td><td></td><td></td></tr>
</table>
<table id='summary'><thead><tr><th>Class</th><th>Method</th><th>Start</th><th>Time (ms)</th></tr></thead><tbody><tr><th colspan="4">Command line suite</th></tr></tbody><tbody id="t0"><tr><th colspan="4">Command line test &#8212; failed</th></tr><tr class="failedeven"><td rowspan="1">tests.contactsTests.TestContacts</td><td><a href="#m0">testCreateContact</a></td><td rowspan="1">1642352422571</td><td rowspan="1">1574</td></tr><tr class="failedodd"><td rowspan="1">tests.nftsTests.TestNfts</td><td><a href="#m1">testGetAllNfts</a></td><td rowspan="1">1642352455598</td><td rowspan="1">1973</td></tr><tr class="failedeven"><td rowspan="1">tests.usersTests.TestUserIntegration</td><td><a href="#m2">testUserAttributes</a></td><td rowspan="1">1642352448367</td><td rowspan="1">783</td></tr><tr><th colspan="4">Command line test &#8212; skipped</th></tr><tr class="skippedeven"><td rowspan="6">tests.contactsTests.TestContacts</td><td><a href="#m3">testDeleteContact</a></td><td rowspan="1">1642352424238</td><td rowspan="1">0</td></tr><tr class="skippedeven"><td><a href="#m4">testGetContact</a></td><td rowspan="1">1642352424218</td><td rowspan="1">0</td></tr><tr class="skippedeven"><td><a href="#m5">testGetContactsOfAnUser</a></td><td rowspan="1">1642352424193</td><td rowspan="1">0</td></tr><tr class="skippedeven"><td><a href="#m6">testImportOneOrMoreContacts</a></td><td rowspan="1">1642352424210</td><td rowspan="1">0</td></tr><tr class="skippedeven"><td><a href="#m7">testUpdateContact</a></td><td rowspan="1">1642352424232</td><td rowspan="1">0</td></tr><tr class="skippedeven"><td><a href="#m8">verifyTheContactStatusAfterDeleting</a></td><td rowspan="1">1642352424245</td><td rowspan="1">0</td></tr><tr><th colspan="4">Command line test &#8212; passed</th></tr><tr class="passedeven"><td rowspan="2">tests.TestLogin</td><td><a href="#m9">testCreateLoginOtp</a></td><td rowspan="1">1642352390192</td><td rowspan="1">7205</td></tr><tr class="passedeven"><td><a href="#m10">testVerifyLoginOtp</a></td><td rowspan="1">1642352397607</td><td rowspan="1">2769</td></tr><tr class="passedodd"><td rowspan="2">tests.nftsTests.TestNfts</td><td><a href="#m11">testGetSingleNft</a></td><td rowspan="1">1642352465675</td><td rowspan="1">816</td></tr><tr class="passedodd"><td><a href="#m12">testUpdateNft</a></td><td rowspan="1">1642352473536</td><td rowspan="1">2456</td></tr><tr class="passedeven"><td rowspan="6">tests.transactionsTests.TestUserTransactionsIntegration</td><td><a href="#m13">testCreateTransaction</a></td><td rowspan="1">1642352408156</td><td rowspan="1">1575</td></tr><tr class="passedeven"><td><a href="#m14">testDeleteTransaction</a></td><td rowspan="1">1642352414440</td><td rowspan="1">1707</td></tr><tr class="passedeven"><td><a href="#m15">testGetNftTransactions</a></td><td rowspan="1">1642352411144</td><td rowspan="1">1815</td></tr><tr class="passedeven"><td><a href="#m16">testGetUserTransactions</a></td><td rowspan="1">1642352409735</td><td rowspan="1">1405</td></tr><tr class="passedeven"><td><a href="#m17">testUpdateTransaction</a></td><td rowspan="1">1642352412962</td><td rowspan="1">1473</td></tr><tr class="passedeven"><td><a href="#m18">verifyTheTransactionStatusAfterDeleting</a></td><td rowspan="1">1642352416152</td><td rowspan="1">1544</td></tr><tr class="passedodd"><td rowspan="5">tests.usersTests.TestUserIntegration</td><td><a href="#m19">testGetUnauthorizedUser</a></td><td rowspan="1">1642352426813</td><td rowspan="1">765</td></tr><tr class="passedodd"><td><a href="#m20">testGetUser</a></td><td rowspan="1">1642352430844</td><td rowspan="1">804</td></tr><tr class="passedodd"><td><a href="#m21">testGetUserWithProvidingEmptyUserId</a></td><td rowspan="1">1642352434818</td><td rowspan="1">969</td></tr><tr class="passedodd"><td><a href="#m22">testGetWrongUser</a></td><td rowspan="1">1642352439050</td><td rowspan="1">841</td></tr><tr class="passedodd"><td><a href="#m23">testUpdateUser</a></td><td rowspan="1">1642352443268</td><td rowspan="1">1609</td></tr></tbody>
</table>
<h2>Command line test</h2><h3 id="m0">tests.contactsTests.TestContacts#testCreateContact</h3><table class="result"><tr><th>Exception</th></tr><tr><td><div class="stacktrace">java.lang.AssertionError: 1 expectation failed.
Expected status code &lt;200&gt; but was &lt;500&gt;.

	at org.codehaus.groovy.runtime.callsite.ConstructorSite$ConstructorSiteNoUnwrapNoCoerce.callConstructor(ConstructorSite.java:105)
	at org.codehaus.groovy.runtime.callsite.CallSiteArray.defaultCallConstructor(CallSiteArray.java:59)
	at org.codehaus.groovy.runtime.callsite.AbstractCallSite.callConstructor(AbstractCallSite.java:263)
	at org.codehaus.groovy.runtime.callsite.AbstractCallSite.callConstructor(AbstractCallSite.java:277)
	at io.restassured.internal.ResponseSpecificationImpl$HamcrestAssertionClosure.validate(ResponseSpecificationImpl.groovy:493)
	at io.restassured.internal.ResponseSpecificationImpl$HamcrestAssertionClosure$validate$1.call(Unknown Source)
	at io.restassured.internal.ResponseSpecificationImpl.validateResponseIfRequired(ResponseSpecificationImpl.groovy:674)
	at org.codehaus.groovy.runtime.callsite.PlainObjectMetaMethodSite.doInvoke(PlainObjectMetaMethodSite.java:43)
	at org.codehaus.groovy.runtime.callsite.PogoMetaMethodSite$PogoCachedMethodSiteNoUnwrapNoCoerce.invoke(PogoMetaMethodSite.java:193)
	at org.codehaus.groovy.runtime.callsite.PogoMetaMethodSite.callCurrent(PogoMetaMethodSite.java:61)
	at org.codehaus.groovy.runtime.callsite.AbstractCallSite.callCurrent(AbstractCallSite.java:185)
	at io.restassured.internal.ResponseSpecificationImpl.statusCode(ResponseSpecificationImpl.groovy:126)
	at io.restassured.specification.ResponseSpecification$statusCode$0.callCurrent(Unknown Source)
	at io.restassured.internal.ResponseSpecificationImpl.statusCode(ResponseSpecificationImpl.groovy:134)
	at io.restassured.internal.ValidatableResponseOptionsImpl.statusCode(ValidatableResponseOptionsImpl.java:89)
	at io.restassured.internal.ValidatableResponseImpl.super$2$statusCode(ValidatableResponseImpl.groovy)
	at groovy.lang.MetaMethod.doMethodInvoke(MetaMethod.java:323)
	at groovy.lang.MetaClassImpl.invokeMethod(MetaClassImpl.java:1268)
	at org.codehaus.groovy.runtime.ScriptBytecodeAdapter.invokeMethodOnSuperN(ScriptBytecodeAdapter.java:144)
	at io.restassured.internal.ValidatableResponseImpl.statusCode(ValidatableResponseImpl.groovy:142)
	at io.restassured.internal.ValidatableResponseImpl.statusCode(ValidatableResponseImpl.groovy)
	at helpers.ContactsServiceHelper.createContact(ContactsServiceHelper.java:32)
	at tests.contactsTests.TestContacts.testCreateContact(TestContacts.java:32)
	at java.base/java.util.ArrayList.forEach(ArrayList.java:1511)
... Removed 52 stack frames</div></td></tr></table><p class="totop"><a href="#summary">back to summary</a></p>
<h3 id="m1">tests.nftsTests.TestNfts#testGetAllNfts</h3><table class="result"><tr><th>Exception</th></tr><tr><td><div class="stacktrace">java.lang.AssertionError: 1 expectation failed.
Expected status code &lt;200&gt; but was &lt;500&gt;.

	at org.codehaus.groovy.runtime.callsite.ConstructorSite$ConstructorSiteNoUnwrapNoCoerce.callConstructor(ConstructorSite.java:105)
	at org.codehaus.groovy.runtime.callsite.AbstractCallSite.callConstructor(AbstractCallSite.java:277)
	at io.restassured.internal.ResponseSpecificationImpl$HamcrestAssertionClosure.validate(ResponseSpecificationImpl.groovy:493)
	at io.restassured.internal.ResponseSpecificationImpl$HamcrestAssertionClosure$validate$1.call(Unknown Source)
	at io.restassured.internal.ResponseSpecificationImpl.validateResponseIfRequired(ResponseSpecificationImpl.groovy:674)
	at org.codehaus.groovy.runtime.callsite.PlainObjectMetaMethodSite.doInvoke(PlainObjectMetaMethodSite.java:43)
	at org.codehaus.groovy.runtime.callsite.PogoMetaMethodSite$PogoCachedMethodSiteNoUnwrapNoCoerce.invoke(PogoMetaMethodSite.java:193)
	at org.codehaus.groovy.runtime.callsite.PogoMetaMethodSite.callCurrent(PogoMetaMethodSite.java:61)
	at org.codehaus.groovy.runtime.callsite.AbstractCallSite.callCurrent(AbstractCallSite.java:185)
	at io.restassured.internal.ResponseSpecificationImpl.statusCode(ResponseSpecificationImpl.groovy:126)
	at io.restassured.specification.ResponseSpecification$statusCode$0.callCurrent(Unknown Source)
	at io.restassured.internal.ResponseSpecificationImpl.statusCode(ResponseSpecificationImpl.groovy:134)
	at io.restassured.internal.ValidatableResponseOptionsImpl.statusCode(ValidatableResponseOptionsImpl.java:89)
	at io.restassured.internal.ValidatableResponseImpl.super$2$statusCode(ValidatableResponseImpl.groovy)
	at groovy.lang.MetaMethod.doMethodInvoke(MetaMethod.java:323)
	at groovy.lang.MetaClassImpl.invokeMethod(MetaClassImpl.java:1268)
	at org.codehaus.groovy.runtime.ScriptBytecodeAdapter.invokeMethodOnSuperN(ScriptBytecodeAdapter.java:144)
	at io.restassured.internal.ValidatableResponseImpl.statusCode(ValidatableResponseImpl.groovy:142)
	at io.restassured.internal.ValidatableResponseImpl.statusCode(ValidatableResponseImpl.groovy)
	at helpers.NftServiceHelper.getAllNftDetails(NftServiceHelper.java:43)
	at tests.nftsTests.TestNfts.testGetAllNfts(TestNfts.java:41)
	at java.base/java.util.ArrayList.forEach(ArrayList.java:1511)
... Removed 52 stack frames</div></td></tr></table><p class="totop"><a href="#summary">back to summary</a></p>
<h3 id="m2">tests.usersTests.TestUserIntegration#testUserAttributes</h3><table class="result"><tr><th>Exception</th></tr><tr><td><div class="stacktrace">java.lang.AssertionError: The Full Name is empty expected [false] but found [true]
	at tests.usersTests.TestUserIntegration.testUserAttributes(TestUserIntegration.java:45)
	at java.base/java.util.ArrayList.forEach(ArrayList.java:1511)
... Removed 40 stack frames</div></td></tr></table><p class="totop"><a href="#summary">back to summary</a></p>
<h3 id="m3">tests.contactsTests.TestContacts#testDeleteContact</h3><table class="result"><tr><th>Exception</th></tr><tr><td><div class="stacktrace">java.lang.Throwable: Method TestContacts.testDeleteContact()[pri:3, instance:tests.contactsTests.TestContacts@7966baa7] depends on not successfully finished methods
	at java.base/java.util.ArrayList.forEach(ArrayList.java:1511)
... Removed 28 stack frames</div></td></tr></table><p class="totop"><a href="#summary">back to summary</a></p>
<h3 id="m4">tests.contactsTests.TestContacts#testGetContact</h3><table class="result"><tr><th>Exception</th></tr><tr><td><div class="stacktrace">java.lang.Throwable: Method TestContacts.testGetContact()[pri:1, instance:tests.contactsTests.TestContacts@7966baa7] depends on not successfully finished methods
	at java.base/java.util.ArrayList.forEach(ArrayList.java:1511)
... Removed 28 stack frames</div></td></tr></table><p class="totop"><a href="#summary">back to summary</a></p>
<h3 id="m5">tests.contactsTests.TestContacts#testGetContactsOfAnUser</h3><table class="result"><tr><th>Exception</th></tr><tr><td><div class="stacktrace">java.lang.Throwable: Method TestContacts.testGetContactsOfAnUser()[pri:0, instance:tests.contactsTests.TestContacts@7966baa7] depends on not successfully finished methods
	at java.base/java.util.ArrayList.forEach(ArrayList.java:1511)
... Removed 28 stack frames</div></td></tr></table><p class="totop"><a href="#summary">back to summary</a></p>
<h3 id="m6">tests.contactsTests.TestContacts#testImportOneOrMoreContacts</h3><table class="result"><tr><th>Exception</th></tr><tr><td><div class="stacktrace">java.lang.Throwable: Method TestContacts.testImportOneOrMoreContacts()[pri:0, instance:tests.contactsTests.TestContacts@7966baa7] depends on not successfully finished methods
	at java.base/java.util.ArrayList.forEach(ArrayList.java:1511)
... Removed 28 stack frames</div></td></tr></table><p class="totop"><a href="#summary">back to summary</a></p>
<h3 id="m7">tests.contactsTests.TestContacts#testUpdateContact</h3><table class="result"><tr><th>Exception</th></tr><tr><td><div class="stacktrace">java.lang.Throwable: Method TestContacts.testUpdateContact()[pri:2, instance:tests.contactsTests.TestContacts@7966baa7] depends on not successfully finished methods
	at java.base/java.util.ArrayList.forEach(ArrayList.java:1511)
... Removed 28 stack frames</div></td></tr></table><p class="totop"><a href="#summary">back to summary</a></p>
<h3 id="m8">tests.contactsTests.TestContacts#verifyTheContactStatusAfterDeleting</h3><table class="result"><tr><th>Exception</th></tr><tr><td><div class="stacktrace">java.lang.Throwable: Method TestContacts.verifyTheContactStatusAfterDeleting()[pri:4, instance:tests.contactsTests.TestContacts@7966baa7] depends on not successfully finished methods
	at java.base/java.util.ArrayList.forEach(ArrayList.java:1511)
... Removed 28 stack frames</div></td></tr></table><p class="totop"><a href="#summary">back to summary</a></p>
<h3 id="m9">tests.TestLogin#testCreateLoginOtp</h3><table class="result"><tr><th class="invisible"/></tr></table><p class="totop"><a href="#summary">back to summary</a></p>
<h3 id="m10">tests.TestLogin#testVerifyLoginOtp</h3><table class="result"><tr><th class="invisible"/></tr></table><p class="totop"><a href="#summary">back to summary</a></p>
<h3 id="m11">tests.nftsTests.TestNfts#testGetSingleNft</h3><table class="result"><tr><th class="invisible"/></tr></table><p class="totop"><a href="#summary">back to summary</a></p>
<h3 id="m12">tests.nftsTests.TestNfts#testUpdateNft</h3><table class="result"><tr><th class="invisible"/></tr></table><p class="totop"><a href="#summary">back to summary</a></p>
<h3 id="m13">tests.transactionsTests.TestUserTransactionsIntegration#testCreateTransaction</h3><table class="result"><tr><th class="invisible"/></tr></table><p class="totop"><a href="#summary">back to summary</a></p>
<h3 id="m14">tests.transactionsTests.TestUserTransactionsIntegration#testDeleteTransaction</h3><table class="result"><tr><th class="invisible"/></tr></table><p class="totop"><a href="#summary">back to summary</a></p>
<h3 id="m15">tests.transactionsTests.TestUserTransactionsIntegration#testGetNftTransactions</h3><table class="result"><tr><th class="invisible"/></tr></table><p class="totop"><a href="#summary">back to summary</a></p>
<h3 id="m16">tests.transactionsTests.TestUserTransactionsIntegration#testGetUserTransactions</h3><table class="result"><tr><th class="invisible"/></tr></table><p class="totop"><a href="#summary">back to summary</a></p>
<h3 id="m17">tests.transactionsTests.TestUserTransactionsIntegration#testUpdateTransaction</h3><table class="result"><tr><th class="invisible"/></tr></table><p class="totop"><a href="#summary">back to summary</a></p>
<h3 id="m18">tests.transactionsTests.TestUserTransactionsIntegration#verifyTheTransactionStatusAfterDeleting</h3><table class="result"><tr><th class="invisible"/></tr></table><p class="totop"><a href="#summary">back to summary</a></p>
<h3 id="m19">tests.usersTests.TestUserIntegration#testGetUnauthorizedUser</h3><table class="result"><tr><th class="invisible"/></tr></table><p class="totop"><a href="#summary">back to summary</a></p>
<h3 id="m20">tests.usersTests.TestUserIntegration#testGetUser</h3><table class="result"><tr><th class="invisible"/></tr></table><p class="totop"><a href="#summary">back to summary</a></p>
<h3 id="m21">tests.usersTests.TestUserIntegration#testGetUserWithProvidingEmptyUserId</h3><table class="result"><tr><th class="invisible"/></tr></table><p class="totop"><a href="#summary">back to summary</a></p>
<h3 id="m22">tests.usersTests.TestUserIntegration#testGetWrongUser</h3><table class="result"><tr><th class="invisible"/></tr></table><p class="totop"><a href="#summary">back to summary</a></p>
<h3 id="m23">tests.usersTests.TestUserIntegration#testUpdateUser</h3><table class="result"><tr><th class="invisible"/></tr></table><p class="totop"><a href="#summary">back to summary</a></p>
</body>
</html>
